2024-11-30T13:09:37.172+03:00  INFO 15760 --- [proje2] [main] com.proje.proje2.Proje2Application       : Starting Proje2Application using Java 23 with PID 15760 (C:\Users\aa\Documents\NetBeansProjects\proje2\target\classes started by aa in C:\Users\aa\Documents\NetBeansProjects\proje2)
2024-11-30T13:09:37.207+03:00  INFO 15760 --- [proje2] [main] com.proje.proje2.Proje2Application       : No active profile set, falling back to 1 default profile: "default"
2024-11-30T13:09:38.366+03:00  INFO 15760 --- [proje2] [main] .s.d.r.c.RepositoryConfigurationDelegate : Bootstrapping Spring Data JPA repositories in DEFAULT mode.
2024-11-30T13:09:38.494+03:00  INFO 15760 --- [proje2] [main] .s.d.r.c.RepositoryConfigurationDelegate : Finished Spring Data repository scanning in 117 ms. Found 7 JPA repository interfaces.
2024-11-30T13:09:39.592+03:00  INFO 15760 --- [proje2] [main] o.s.b.w.embedded.tomcat.TomcatWebServer  : Tomcat initialized with port 8080 (http)
2024-11-30T13:09:39.612+03:00  INFO 15760 --- [proje2] [main] o.apache.catalina.core.StandardService   : Starting service [Tomcat]
2024-11-30T13:09:39.612+03:00  INFO 15760 --- [proje2] [main] o.apache.catalina.core.StandardEngine    : Starting Servlet engine: [Apache Tomcat/10.1.31]
2024-11-30T13:09:39.706+03:00  INFO 15760 --- [proje2] [main] o.a.c.c.C.[Tomcat].[localhost].[/]       : Initializing Spring embedded WebApplicationContext
2024-11-30T13:09:39.706+03:00  INFO 15760 --- [proje2] [main] w.s.c.ServletWebServerApplicationContext : Root WebApplicationContext: initialization completed in 2425 ms
2024-11-30T13:09:40.053+03:00  INFO 15760 --- [proje2] [main] o.hibernate.jpa.internal.util.LogHelper  : HHH000204: Processing PersistenceUnitInfo [name: default]
2024-11-30T13:09:40.159+03:00  INFO 15760 --- [proje2] [main] org.hibernate.Version                    : HHH000412: Hibernate ORM core version 6.5.3.Final
2024-11-30T13:09:40.220+03:00  INFO 15760 --- [proje2] [main] o.h.c.internal.RegionFactoryInitiator    : HHH000026: Second-level cache disabled
2024-11-30T13:09:40.738+03:00  INFO 15760 --- [proje2] [main] o.s.o.j.p.SpringPersistenceUnitInfo      : No LoadTimeWeaver setup: ignoring JPA class transformer
2024-11-30T13:09:40.800+03:00  INFO 15760 --- [proje2] [main] com.zaxxer.hikari.HikariDataSource       : HikariPool-1 - Starting...
2024-11-30T13:09:41.014+03:00  INFO 15760 --- [proje2] [main] com.zaxxer.hikari.pool.HikariPool        : HikariPool-1 - Added connection com.mysql.cj.jdbc.ConnectionImpl@76a1146d
2024-11-30T13:09:41.016+03:00  INFO 15760 --- [proje2] [main] com.zaxxer.hikari.HikariDataSource       : HikariPool-1 - Start completed.
2024-11-30T13:09:41.099+03:00  WARN 15760 --- [proje2] [main] org.hibernate.dialect.Dialect            : HHH000511: The 5.5.5 version for [org.hibernate.dialect.MySQLDialect] is no longer supported, hence certain features may not work properly. The minimum supported version is 8.0.0. Check the community dialects project for available legacy versions.
2024-11-30T13:09:42.532+03:00  INFO 15760 --- [proje2] [main] o.h.e.t.j.p.i.JtaPlatformInitiator       : HHH000489: No JTA platform available (set 'hibernate.transaction.jta.platform' to enable JTA platform integration)
2024-11-30T13:09:42.795+03:00  INFO 15760 --- [proje2] [main] j.LocalContainerEntityManagerFactoryBean : Initialized JPA EntityManagerFactory for persistence unit 'default'
2024-11-30T13:11:19.034+03:00  INFO 15560 --- [proje2] [main] com.proje.proje2.Proje2Application       : Starting Proje2Application using Java 23 with PID 15560 (C:\Users\aa\Documents\NetBeansProjects\proje2\target\classes started by aa in C:\Users\aa\Documents\NetBeansProjects\proje2)
2024-11-30T13:11:19.046+03:00  INFO 15560 --- [proje2] [main] com.proje.proje2.Proje2Application       : No active profile set, falling back to 1 default profile: "default"
2024-11-30T13:11:20.195+03:00  INFO 15560 --- [proje2] [main] .s.d.r.c.RepositoryConfigurationDelegate : Bootstrapping Spring Data JPA repositories in DEFAULT mode.
2024-11-30T13:11:20.324+03:00  INFO 15560 --- [proje2] [main] .s.d.r.c.RepositoryConfigurationDelegate : Finished Spring Data repository scanning in 121 ms. Found 7 JPA repository interfaces.
2024-11-30T13:11:21.277+03:00  INFO 15560 --- [proje2] [main] o.s.b.w.embedded.tomcat.TomcatWebServer  : Tomcat initialized with port 8080 (http)
2024-11-30T13:11:21.303+03:00  INFO 15560 --- [proje2] [main] o.apache.catalina.core.StandardService   : Starting service [Tomcat]
2024-11-30T13:11:21.303+03:00  INFO 15560 --- [proje2] [main] o.apache.catalina.core.StandardEngine    : Starting Servlet engine: [Apache Tomcat/10.1.31]
2024-11-30T13:11:21.384+03:00  INFO 15560 --- [proje2] [main] o.a.c.c.C.[Tomcat].[localhost].[/]       : Initializing Spring embedded WebApplicationContext
2024-11-30T13:11:21.384+03:00  INFO 15560 --- [proje2] [main] w.s.c.ServletWebServerApplicationContext : Root WebApplicationContext: initialization completed in 2242 ms
2024-11-30T13:11:21.632+03:00  INFO 15560 --- [proje2] [main] o.hibernate.jpa.internal.util.LogHelper  : HHH000204: Processing PersistenceUnitInfo [name: default]
2024-11-30T13:11:21.739+03:00  INFO 15560 --- [proje2] [main] org.hibernate.Version                    : HHH000412: Hibernate ORM core version 6.5.3.Final
2024-11-30T13:11:21.779+03:00  INFO 15560 --- [proje2] [main] o.h.c.internal.RegionFactoryInitiator    : HHH000026: Second-level cache disabled
2024-11-30T13:11:22.221+03:00  INFO 15560 --- [proje2] [main] o.s.o.j.p.SpringPersistenceUnitInfo      : No LoadTimeWeaver setup: ignoring JPA class transformer
2024-11-30T13:11:22.263+03:00  INFO 15560 --- [proje2] [main] com.zaxxer.hikari.HikariDataSource       : HikariPool-1 - Starting...
2024-11-30T13:11:22.454+03:00  INFO 15560 --- [proje2] [main] com.zaxxer.hikari.pool.HikariPool        : HikariPool-1 - Added connection com.mysql.cj.jdbc.ConnectionImpl@3ba3f40d
2024-11-30T13:11:22.456+03:00  INFO 15560 --- [proje2] [main] com.zaxxer.hikari.HikariDataSource       : HikariPool-1 - Start completed.
2024-11-30T13:11:22.518+03:00  WARN 15560 --- [proje2] [main] org.hibernate.dialect.Dialect            : HHH000511: The 5.5.5 version for [org.hibernate.dialect.MySQLDialect] is no longer supported, hence certain features may not work properly. The minimum supported version is 8.0.0. Check the community dialects project for available legacy versions.
2024-11-30T13:11:23.783+03:00  INFO 15560 --- [proje2] [main] o.h.e.t.j.p.i.JtaPlatformInitiator       : HHH000489: No JTA platform available (set 'hibernate.transaction.jta.platform' to enable JTA platform integration)
2024-11-30T13:11:23.968+03:00  INFO 15560 --- [proje2] [main] j.LocalContainerEntityManagerFactoryBean : Initialized JPA EntityManagerFactory for persistence unit 'default'
2024-11-30T13:11:24.523+03:00  INFO 15560 --- [proje2] [main] o.s.d.j.r.query.QueryEnhancerFactory     : Hibernate is in classpath; If applicable, HQL parser will be used.
2024-11-30T13:11:25.349+03:00  WARN 15560 --- [proje2] [main] JpaBaseConfiguration$JpaWebConfiguration : spring.jpa.open-in-view is enabled by default. Therefore, database queries may be performed during view rendering. Explicitly configure spring.jpa.open-in-view to disable this warning
2024-11-30T13:11:25.389+03:00  INFO 15560 --- [proje2] [main] o.s.b.a.w.s.WelcomePageHandlerMapping    : Adding welcome page template: index
2024-11-30T13:11:26.048+03:00  INFO 15560 --- [proje2] [main] o.s.b.w.embedded.tomcat.TomcatWebServer  : Tomcat started on port 8080 (http) with context path '/'
2024-11-30T13:11:26.068+03:00  INFO 15560 --- [proje2] [main] com.proje.proje2.Proje2Application       : Started Proje2Application in 7.651 seconds (process running for 8.155)
2024-11-30T13:11:26.291+03:00  INFO 15560 --- [proje2] [http-nio-8080-exec-1] o.a.c.c.C.[Tomcat].[localhost].[/]       : Initializing Spring DispatcherServlet 'dispatcherServlet'
2024-11-30T13:11:26.292+03:00  INFO 15560 --- [proje2] [http-nio-8080-exec-1] o.s.web.servlet.DispatcherServlet        : Initializing Servlet 'dispatcherServlet'
2024-11-30T13:11:26.293+03:00  INFO 15560 --- [proje2] [http-nio-8080-exec-1] o.s.web.servlet.DispatcherServlet        : Completed initialization in 1 ms
